2022-01-25 14:10:34.305  INFO 14012 --- [main] com.senla.courses.project.Application    : Starting Application using Java 1.8.0_281 on DESKTOP-PMHR2FG with PID 14012 (C:\Users\user\BankCardsProject\target\classes started by user in C:\Users\user\BankCardsProject)
2022-01-25 14:10:34.321  INFO 14012 --- [main] com.senla.courses.project.Application    : No active profile set, falling back to default profiles: default
2022-01-25 14:10:35.447  INFO 14012 --- [main] .s.d.r.c.RepositoryConfigurationDelegate : Bootstrapping Spring Data JPA repositories in DEFAULT mode.
2022-01-25 14:10:35.494  INFO 14012 --- [main] .s.d.r.c.RepositoryConfigurationDelegate : Finished Spring Data repository scanning in 27 ms. Found 0 JPA repository interfaces.
2022-01-25 14:10:35.841  INFO 14012 --- [main] trationDelegate$BeanPostProcessorChecker : Bean 'org.springframework.security.access.expression.method.DefaultMethodSecurityExpressionHandler@4b9f1a' of type [org.springframework.security.access.expression.method.DefaultMethodSecurityExpressionHandler] is not eligible for getting processed by all BeanPostProcessors (for example: not eligible for auto-proxying)
2022-01-25 14:10:35.857  INFO 14012 --- [main] trationDelegate$BeanPostProcessorChecker : Bean 'methodSecurityMetadataSource' of type [org.springframework.security.access.method.DelegatingMethodSecurityMetadataSource] is not eligible for getting processed by all BeanPostProcessors (for example: not eligible for auto-proxying)
2022-01-25 14:10:36.289  INFO 14012 --- [main] o.s.b.w.embedded.tomcat.TomcatWebServer  : Tomcat initialized with port(s): 8080 (http)
2022-01-25 14:10:36.305  INFO 14012 --- [main] o.apache.catalina.core.StandardService   : Starting service [Tomcat]
2022-01-25 14:10:36.305  INFO 14012 --- [main] org.apache.catalina.core.StandardEngine  : Starting Servlet engine: [Apache Tomcat/9.0.54]
2022-01-25 14:10:36.445  INFO 14012 --- [main] o.a.c.c.C.[Tomcat].[localhost].[/]       : Initializing Spring embedded WebApplicationContext
2022-01-25 14:10:36.445  INFO 14012 --- [main] w.s.c.ServletWebServerApplicationContext : Root WebApplicationContext: initialization completed in 2061 ms
2022-01-25 14:10:37.820  INFO 14012 --- [main] liquibase.database                       : Set default schema name to public
2022-01-25 14:10:37.927  INFO 14012 --- [main] liquibase.lockservice                    : Successfully acquired change log lock
2022-01-25 14:10:38.606  INFO 14012 --- [main] liquibase.changelog                      : Reading from public.databasechangelog
2022-01-25 14:10:38.713  INFO 14012 --- [main] liquibase.lockservice                    : Successfully released change log lock
2022-01-25 14:10:38.854  INFO 14012 --- [main] o.hibernate.jpa.internal.util.LogHelper  : HHH000204: Processing PersistenceUnitInfo [name: default]
2022-01-25 14:10:38.932  INFO 14012 --- [main] org.hibernate.Version                    : HHH000412: Hibernate ORM core version 5.4.30.Final
2022-01-25 14:10:39.119  INFO 14012 --- [main] o.hibernate.annotations.common.Version   : HCANN000001: Hibernate Commons Annotations {5.1.2.Final}
2022-01-25 14:10:39.244  INFO 14012 --- [main] com.zaxxer.hikari.HikariDataSource       : HikariPool-1 - Starting...
2022-01-25 14:10:39.314  INFO 14012 --- [main] com.zaxxer.hikari.HikariDataSource       : HikariPool-1 - Start completed.
2022-01-25 14:10:39.320  INFO 14012 --- [main] org.hibernate.dialect.Dialect            : HHH000400: Using dialect: org.hibernate.dialect.PostgreSQLDialect
2022-01-25 14:10:40.250  INFO 14012 --- [main] o.h.e.t.j.p.i.JtaPlatformInitiator       : HHH000490: Using JtaPlatform implementation: [org.hibernate.engine.transaction.jta.platform.internal.NoJtaPlatform]
2022-01-25 14:10:40.266  INFO 14012 --- [main] j.LocalContainerEntityManagerFactoryBean : Initialized JPA EntityManagerFactory for persistence unit 'default'
2022-01-25 14:10:40.469  WARN 14012 --- [main] JpaBaseConfiguration$JpaWebConfiguration : spring.jpa.open-in-view is enabled by default. Therefore, database queries may be performed during view rendering. Explicitly configure spring.jpa.open-in-view to disable this warning
2022-01-25 14:10:41.091  INFO 14012 --- [main] o.s.s.web.DefaultSecurityFilterChain     : Will secure any request with [org.springframework.security.web.context.request.async.WebAsyncManagerIntegrationFilter@e581db, org.springframework.security.web.context.SecurityContextPersistenceFilter@1f15df, org.springframework.security.web.header.HeaderWriterFilter@c3aa8, org.springframework.security.web.authentication.logout.LogoutFilter@1525e13, com.senla.courses.project.exception.ExceptionHandlerFilter@2e0858, com.senla.courses.project.jwt.JwtTokenFilter@aefae0, org.springframework.security.web.savedrequest.RequestCacheAwareFilter@76bed9, org.springframework.security.web.servletapi.SecurityContextHolderAwareRequestFilter@1ffdbba, org.springframework.security.web.authentication.AnonymousAuthenticationFilter@6efe33, org.springframework.security.web.session.SessionManagementFilter@1e7e040, org.springframework.security.web.access.ExceptionTranslationFilter@e33c2, org.springframework.security.web.access.intercept.FilterSecurityInterceptor@1a06087]
2022-01-25 14:10:41.321  INFO 14012 --- [main] o.s.b.w.embedded.tomcat.TomcatWebServer  : Tomcat started on port(s): 8080 (http) with context path ''
2022-01-25 14:10:41.431  INFO 14012 --- [main] com.senla.courses.project.Application    : Started Application in 7.699 seconds (JVM running for 10.765)
2022-01-25 14:40:55.340  INFO 14012 --- [SpringApplicationShutdownHook] j.LocalContainerEntityManagerFactoryBean : Closing JPA EntityManagerFactory for persistence unit 'default'
2022-01-25 14:40:55.340  INFO 14012 --- [SpringApplicationShutdownHook] com.zaxxer.hikari.HikariDataSource       : HikariPool-1 - Shutdown initiated...
2022-01-25 14:40:55.365  INFO 14012 --- [SpringApplicationShutdownHook] com.zaxxer.hikari.HikariDataSource       : HikariPool-1 - Shutdown completed.
2022-01-25 14:41:06.258  INFO 16116 --- [main] com.senla.courses.project.Application    : Starting Application using Java 1.8.0_281 on DESKTOP-PMHR2FG with PID 16116 (C:\Users\user\BankCardsProject\target\classes started by user in C:\Users\user\BankCardsProject)
2022-01-25 14:41:06.266  INFO 16116 --- [main] com.senla.courses.project.Application    : No active profile set, falling back to default profiles: default
2022-01-25 14:41:07.598  INFO 16116 --- [main] .s.d.r.c.RepositoryConfigurationDelegate : Bootstrapping Spring Data JPA repositories in DEFAULT mode.
2022-01-25 14:41:07.646  INFO 16116 --- [main] .s.d.r.c.RepositoryConfigurationDelegate : Finished Spring Data repository scanning in 34 ms. Found 0 JPA repository interfaces.
2022-01-25 14:41:08.047  INFO 16116 --- [main] trationDelegate$BeanPostProcessorChecker : Bean 'org.springframework.security.access.expression.method.DefaultMethodSecurityExpressionHandler@156b302' of type [org.springframework.security.access.expression.method.DefaultMethodSecurityExpressionHandler] is not eligible for getting processed by all BeanPostProcessors (for example: not eligible for auto-proxying)
2022-01-25 14:41:08.055  INFO 16116 --- [main] trationDelegate$BeanPostProcessorChecker : Bean 'methodSecurityMetadataSource' of type [org.springframework.security.access.method.DelegatingMethodSecurityMetadataSource] is not eligible for getting processed by all BeanPostProcessors (for example: not eligible for auto-proxying)
2022-01-25 14:41:08.542  INFO 16116 --- [main] o.s.b.w.embedded.tomcat.TomcatWebServer  : Tomcat initialized with port(s): 8080 (http)
2022-01-25 14:41:08.558  INFO 16116 --- [main] o.apache.catalina.core.StandardService   : Starting service [Tomcat]
2022-01-25 14:41:08.558  INFO 16116 --- [main] org.apache.catalina.core.StandardEngine  : Starting Servlet engine: [Apache Tomcat/9.0.54]
2022-01-25 14:41:08.734  INFO 16116 --- [main] o.a.c.c.C.[Tomcat].[localhost].[/]       : Initializing Spring embedded WebApplicationContext
2022-01-25 14:41:08.734  INFO 16116 --- [main] w.s.c.ServletWebServerApplicationContext : Root WebApplicationContext: initialization completed in 2396 ms
2022-01-25 14:41:10.364  INFO 16116 --- [main] liquibase.database                       : Set default schema name to public
2022-01-25 14:41:10.519  INFO 16116 --- [main] liquibase.lockservice                    : Successfully acquired change log lock
2022-01-25 14:41:11.362  INFO 16116 --- [main] liquibase.changelog                      : Reading from public.databasechangelog
2022-01-25 14:41:11.508  INFO 16116 --- [main] liquibase.lockservice                    : Successfully released change log lock
2022-01-25 14:41:11.692  INFO 16116 --- [main] o.hibernate.jpa.internal.util.LogHelper  : HHH000204: Processing PersistenceUnitInfo [name: default]
2022-01-25 14:41:11.789  INFO 16116 --- [main] org.hibernate.Version                    : HHH000412: Hibernate ORM core version 5.4.30.Final
2022-01-25 14:41:12.047  INFO 16116 --- [main] o.hibernate.annotations.common.Version   : HCANN000001: Hibernate Commons Annotations {5.1.2.Final}
2022-01-25 14:41:12.230  INFO 16116 --- [main] com.zaxxer.hikari.HikariDataSource       : HikariPool-1 - Starting...
2022-01-25 14:41:12.327  INFO 16116 --- [main] com.zaxxer.hikari.HikariDataSource       : HikariPool-1 - Start completed.
2022-01-25 14:41:12.358  INFO 16116 --- [main] org.hibernate.dialect.Dialect            : HHH000400: Using dialect: org.hibernate.dialect.PostgreSQLDialect
2022-01-25 14:41:13.816  INFO 16116 --- [main] o.h.e.t.j.p.i.JtaPlatformInitiator       : HHH000490: Using JtaPlatform implementation: [org.hibernate.engine.transaction.jta.platform.internal.NoJtaPlatform]
2022-01-25 14:41:13.832  INFO 16116 --- [main] j.LocalContainerEntityManagerFactoryBean : Initialized JPA EntityManagerFactory for persistence unit 'default'
2022-01-25 14:41:14.956  INFO 16116 --- [main] o.s.s.web.DefaultSecurityFilterChain     : Will secure any request with [org.springframework.security.web.context.request.async.WebAsyncManagerIntegrationFilter@eeddd8, org.springframework.security.web.context.SecurityContextPersistenceFilter@b5325f, org.springframework.security.web.header.HeaderWriterFilter@e12c3b, org.springframework.security.web.authentication.logout.LogoutFilter@1230cff, com.senla.courses.project.exception.ExceptionHandlerFilter@3ed581, com.senla.courses.project.jwt.JwtTokenFilter@5e6a68, org.springframework.security.web.savedrequest.RequestCacheAwareFilter@c90398, org.springframework.security.web.servletapi.SecurityContextHolderAwareRequestFilter@360a68, org.springframework.security.web.authentication.AnonymousAuthenticationFilter@f8e2d2, org.springframework.security.web.session.SessionManagementFilter@1f7c02d, org.springframework.security.web.access.ExceptionTranslationFilter@a8dce8, org.springframework.security.web.access.intercept.FilterSecurityInterceptor@7e455d]
2022-01-25 14:41:15.374  INFO 16116 --- [main] o.s.b.w.embedded.tomcat.TomcatWebServer  : Tomcat started on port(s): 8080 (http) with context path ''
2022-01-25 14:41:15.382  INFO 16116 --- [main] com.senla.courses.project.Application    : Started Application in 9.784 seconds (JVM running for 11.632)
2022-01-25 14:41:26.855  INFO 16116 --- [http-nio-8080-exec-2] o.a.c.c.C.[Tomcat].[localhost].[/]       : Initializing Spring DispatcherServlet 'dispatcherServlet'
2022-01-25 14:41:26.855  INFO 16116 --- [http-nio-8080-exec-2] o.s.web.servlet.DispatcherServlet        : Initializing Servlet 'dispatcherServlet'
2022-01-25 14:41:26.855  INFO 16116 --- [http-nio-8080-exec-2] o.s.web.servlet.DispatcherServlet        : Completed initialization in 0 ms
2022-01-25 14:42:02.554  WARN 16116 --- [http-nio-8080-exec-3] c.s.c.p.e.GlobalExceptionHandler         : could not initialize proxy [com.senla.courses.project.model.User#315] - no Session
2022-01-25 14:42:40.856  INFO 16116 --- [SpringApplicationShutdownHook] j.LocalContainerEntityManagerFactoryBean : Closing JPA EntityManagerFactory for persistence unit 'default'
2022-01-25 14:42:40.856  INFO 16116 --- [SpringApplicationShutdownHook] com.zaxxer.hikari.HikariDataSource       : HikariPool-1 - Shutdown initiated...
2022-01-25 14:42:40.873  INFO 16116 --- [SpringApplicationShutdownHook] com.zaxxer.hikari.HikariDataSource       : HikariPool-1 - Shutdown completed.
2022-01-25 14:42:49.024  INFO 4200 --- [main] com.senla.courses.project.Application    : Starting Application using Java 1.8.0_281 on DESKTOP-PMHR2FG with PID 4200 (C:\Users\user\BankCardsProject\target\classes started by user in C:\Users\user\BankCardsProject)
2022-01-25 14:42:49.024  INFO 4200 --- [main] com.senla.courses.project.Application    : No active profile set, falling back to default profiles: default
2022-01-25 14:42:50.153  INFO 4200 --- [main] .s.d.r.c.RepositoryConfigurationDelegate : Bootstrapping Spring Data JPA repositories in DEFAULT mode.
2022-01-25 14:42:50.210  INFO 4200 --- [main] .s.d.r.c.RepositoryConfigurationDelegate : Finished Spring Data repository scanning in 36 ms. Found 0 JPA repository interfaces.
2022-01-25 14:42:50.586  INFO 4200 --- [main] trationDelegate$BeanPostProcessorChecker : Bean 'org.springframework.security.access.expression.method.DefaultMethodSecurityExpressionHandler@4bc9fc' of type [org.springframework.security.access.expression.method.DefaultMethodSecurityExpressionHandler] is not eligible for getting processed by all BeanPostProcessors (for example: not eligible for auto-proxying)
2022-01-25 14:42:50.602  INFO 4200 --- [main] trationDelegate$BeanPostProcessorChecker : Bean 'methodSecurityMetadataSource' of type [org.springframework.security.access.method.DelegatingMethodSecurityMetadataSource] is not eligible for getting processed by all BeanPostProcessors (for example: not eligible for auto-proxying)
2022-01-25 14:42:51.101  INFO 4200 --- [main] o.s.b.w.embedded.tomcat.TomcatWebServer  : Tomcat initialized with port(s): 8080 (http)
2022-01-25 14:42:51.101  INFO 4200 --- [main] o.apache.catalina.core.StandardService   : Starting service [Tomcat]
2022-01-25 14:42:51.101  INFO 4200 --- [main] org.apache.catalina.core.StandardEngine  : Starting Servlet engine: [Apache Tomcat/9.0.54]
2022-01-25 14:42:51.242  INFO 4200 --- [main] o.a.c.c.C.[Tomcat].[localhost].[/]       : Initializing Spring embedded WebApplicationContext
2022-01-25 14:42:51.242  INFO 4200 --- [main] w.s.c.ServletWebServerApplicationContext : Root WebApplicationContext: initialization completed in 2140 ms
2022-01-25 14:42:52.578  INFO 4200 --- [main] liquibase.database                       : Set default schema name to public
2022-01-25 14:42:52.675  INFO 4200 --- [main] liquibase.lockservice                    : Successfully acquired change log lock
2022-01-25 14:42:53.645  INFO 4200 --- [main] liquibase.changelog                      : Reading from public.databasechangelog
2022-01-25 14:42:53.770  INFO 4200 --- [main] liquibase.lockservice                    : Successfully released change log lock
2022-01-25 14:42:53.943  INFO 4200 --- [main] o.hibernate.jpa.internal.util.LogHelper  : HHH000204: Processing PersistenceUnitInfo [name: default]
2022-01-25 14:42:54.021  INFO 4200 --- [main] org.hibernate.Version                    : HHH000412: Hibernate ORM core version 5.4.30.Final
2022-01-25 14:42:54.365  INFO 4200 --- [main] o.hibernate.annotations.common.Version   : HCANN000001: Hibernate Commons Annotations {5.1.2.Final}
2022-01-25 14:42:54.548  INFO 4200 --- [main] com.zaxxer.hikari.HikariDataSource       : HikariPool-1 - Starting...
2022-01-25 14:42:54.610  INFO 4200 --- [main] com.zaxxer.hikari.HikariDataSource       : HikariPool-1 - Start completed.
2022-01-25 14:42:54.616  INFO 4200 --- [main] org.hibernate.dialect.Dialect            : HHH000400: Using dialect: org.hibernate.dialect.PostgreSQLDialect
2022-01-25 14:42:55.768  INFO 4200 --- [main] o.h.e.t.j.p.i.JtaPlatformInitiator       : HHH000490: Using JtaPlatform implementation: [org.hibernate.engine.transaction.jta.platform.internal.NoJtaPlatform]
2022-01-25 14:42:55.783  INFO 4200 --- [main] j.LocalContainerEntityManagerFactoryBean : Initialized JPA EntityManagerFactory for persistence unit 'default'
2022-01-25 14:42:56.627  INFO 4200 --- [main] o.s.s.web.DefaultSecurityFilterChain     : Will secure any request with [org.springframework.security.web.context.request.async.WebAsyncManagerIntegrationFilter@48ac4, org.springframework.security.web.context.SecurityContextPersistenceFilter@c90398, org.springframework.security.web.header.HeaderWriterFilter@16f0fe2, org.springframework.security.web.authentication.logout.LogoutFilter@87e851, com.senla.courses.project.exception.ExceptionHandlerFilter@be27bf, com.senla.courses.project.jwt.JwtTokenFilter@10f18a6, org.springframework.security.web.savedrequest.RequestCacheAwareFilter@1718248, org.springframework.security.web.servletapi.SecurityContextHolderAwareRequestFilter@756867, org.springframework.security.web.authentication.AnonymousAuthenticationFilter@1525e13, org.springframework.security.web.session.SessionManagementFilter@b5325f, org.springframework.security.web.access.ExceptionTranslationFilter@a0721b, org.springframework.security.web.access.intercept.FilterSecurityInterceptor@14d38f9]
2022-01-25 14:42:56.971  INFO 4200 --- [main] o.s.b.w.embedded.tomcat.TomcatWebServer  : Tomcat started on port(s): 8080 (http) with context path ''
2022-01-25 14:42:56.987  INFO 4200 --- [main] com.senla.courses.project.Application    : Started Application in 8.568 seconds (JVM running for 10.237)
2022-01-25 14:42:59.863  INFO 4200 --- [http-nio-8080-exec-2] o.a.c.c.C.[Tomcat].[localhost].[/]       : Initializing Spring DispatcherServlet 'dispatcherServlet'
2022-01-25 14:42:59.863  INFO 4200 --- [http-nio-8080-exec-2] o.s.web.servlet.DispatcherServlet        : Initializing Servlet 'dispatcherServlet'
2022-01-25 14:42:59.863  INFO 4200 --- [http-nio-8080-exec-2] o.s.web.servlet.DispatcherServlet        : Completed initialization in 0 ms
2022-01-25 14:50:29.373  INFO 4200 --- [SpringApplicationShutdownHook] j.LocalContainerEntityManagerFactoryBean : Closing JPA EntityManagerFactory for persistence unit 'default'
2022-01-25 14:50:29.389  INFO 4200 --- [SpringApplicationShutdownHook] com.zaxxer.hikari.HikariDataSource       : HikariPool-1 - Shutdown initiated...
2022-01-25 14:50:29.393  INFO 4200 --- [SpringApplicationShutdownHook] com.zaxxer.hikari.HikariDataSource       : HikariPool-1 - Shutdown completed.
2022-01-25 14:50:33.873  INFO 5064 --- [main] com.senla.courses.project.Application    : Starting Application using Java 1.8.0_281 on DESKTOP-PMHR2FG with PID 5064 (C:\Users\user\BankCardsProject\target\classes started by user in C:\Users\user\BankCardsProject)
2022-01-25 14:50:33.873  INFO 5064 --- [main] com.senla.courses.project.Application    : No active profile set, falling back to default profiles: default
2022-01-25 14:50:34.858  INFO 5064 --- [main] .s.d.r.c.RepositoryConfigurationDelegate : Bootstrapping Spring Data JPA repositories in DEFAULT mode.
2022-01-25 14:50:34.905  INFO 5064 --- [main] .s.d.r.c.RepositoryConfigurationDelegate : Finished Spring Data repository scanning in 29 ms. Found 0 JPA repository interfaces.
2022-01-25 14:50:35.242  INFO 5064 --- [main] trationDelegate$BeanPostProcessorChecker : Bean 'org.springframework.security.access.expression.method.DefaultMethodSecurityExpressionHandler@10332e1' of type [org.springframework.security.access.expression.method.DefaultMethodSecurityExpressionHandler] is not eligible for getting processed by all BeanPostProcessors (for example: not eligible for auto-proxying)
2022-01-25 14:50:35.242  INFO 5064 --- [main] trationDelegate$BeanPostProcessorChecker : Bean 'methodSecurityMetadataSource' of type [org.springframework.security.access.method.DelegatingMethodSecurityMetadataSource] is not eligible for getting processed by all BeanPostProcessors (for example: not eligible for auto-proxying)
2022-01-25 14:50:35.617  INFO 5064 --- [main] o.s.b.w.embedded.tomcat.TomcatWebServer  : Tomcat initialized with port(s): 8080 (http)
2022-01-25 14:50:35.617  INFO 5064 --- [main] o.apache.catalina.core.StandardService   : Starting service [Tomcat]
2022-01-25 14:50:35.617  INFO 5064 --- [main] org.apache.catalina.core.StandardEngine  : Starting Servlet engine: [Apache Tomcat/9.0.54]
2022-01-25 14:50:35.742  INFO 5064 --- [main] o.a.c.c.C.[Tomcat].[localhost].[/]       : Initializing Spring embedded WebApplicationContext
2022-01-25 14:50:35.742  INFO 5064 --- [main] w.s.c.ServletWebServerApplicationContext : Root WebApplicationContext: initialization completed in 1806 ms
2022-01-25 14:50:36.991  INFO 5064 --- [main] liquibase.database                       : Set default schema name to public
2022-01-25 14:50:37.084  INFO 5064 --- [main] liquibase.lockservice                    : Successfully acquired change log lock
2022-01-25 14:50:37.744  INFO 5064 --- [main] liquibase.changelog                      : Reading from public.databasechangelog
2022-01-25 14:50:37.848  INFO 5064 --- [main] liquibase.lockservice                    : Successfully released change log lock
2022-01-25 14:50:37.972  INFO 5064 --- [main] o.hibernate.jpa.internal.util.LogHelper  : HHH000204: Processing PersistenceUnitInfo [name: default]
2022-01-25 14:50:38.034  INFO 5064 --- [main] org.hibernate.Version                    : HHH000412: Hibernate ORM core version 5.4.30.Final
2022-01-25 14:50:38.169  INFO 5064 --- [main] o.hibernate.annotations.common.Version   : HCANN000001: Hibernate Commons Annotations {5.1.2.Final}
2022-01-25 14:50:38.294  INFO 5064 --- [main] com.zaxxer.hikari.HikariDataSource       : HikariPool-1 - Starting...
2022-01-25 14:50:38.360  INFO 5064 --- [main] com.zaxxer.hikari.HikariDataSource       : HikariPool-1 - Start completed.
2022-01-25 14:50:38.366  INFO 5064 --- [main] org.hibernate.dialect.Dialect            : HHH000400: Using dialect: org.hibernate.dialect.PostgreSQLDialect
2022-01-25 14:50:39.217  INFO 5064 --- [main] o.h.e.t.j.p.i.JtaPlatformInitiator       : HHH000490: Using JtaPlatform implementation: [org.hibernate.engine.transaction.jta.platform.internal.NoJtaPlatform]
2022-01-25 14:50:39.232  INFO 5064 --- [main] j.LocalContainerEntityManagerFactoryBean : Initialized JPA EntityManagerFactory for persistence unit 'default'
2022-01-25 14:50:40.008  INFO 5064 --- [main] o.s.s.web.DefaultSecurityFilterChain     : Will secure any request with [org.springframework.security.web.context.request.async.WebAsyncManagerIntegrationFilter@48ac4, org.springframework.security.web.context.SecurityContextPersistenceFilter@c90398, org.springframework.security.web.header.HeaderWriterFilter@134e6f1, org.springframework.security.web.authentication.logout.LogoutFilter@87e851, com.senla.courses.project.exception.ExceptionHandlerFilter@be27bf, com.senla.courses.project.jwt.JwtTokenFilter@10f18a6, org.springframework.security.web.savedrequest.RequestCacheAwareFilter@1718248, org.springframework.security.web.servletapi.SecurityContextHolderAwareRequestFilter@756867, org.springframework.security.web.authentication.AnonymousAuthenticationFilter@1525e13, org.springframework.security.web.session.SessionManagementFilter@18f2cfd, org.springframework.security.web.access.ExceptionTranslationFilter@17beeaf, org.springframework.security.web.access.intercept.FilterSecurityInterceptor@14d38f9]
2022-01-25 14:50:40.336  INFO 5064 --- [main] o.s.b.w.embedded.tomcat.TomcatWebServer  : Tomcat started on port(s): 8080 (http) with context path ''
2022-01-25 14:50:40.336  INFO 5064 --- [main] com.senla.courses.project.Application    : Started Application in 7.028 seconds (JVM running for 8.433)
2022-01-25 14:50:45.453  INFO 5064 --- [http-nio-8080-exec-1] o.a.c.c.C.[Tomcat].[localhost].[/]       : Initializing Spring DispatcherServlet 'dispatcherServlet'
2022-01-25 14:50:45.453  INFO 5064 --- [http-nio-8080-exec-1] o.s.web.servlet.DispatcherServlet        : Initializing Servlet 'dispatcherServlet'
2022-01-25 14:50:45.453  INFO 5064 --- [http-nio-8080-exec-1] o.s.web.servlet.DispatcherServlet        : Completed initialization in 0 ms
2022-01-25 14:52:44.241  INFO 5064 --- [SpringApplicationShutdownHook] j.LocalContainerEntityManagerFactoryBean : Closing JPA EntityManagerFactory for persistence unit 'default'
2022-01-25 14:52:44.241  INFO 5064 --- [SpringApplicationShutdownHook] com.zaxxer.hikari.HikariDataSource       : HikariPool-1 - Shutdown initiated...
2022-01-25 14:52:44.272  INFO 5064 --- [SpringApplicationShutdownHook] com.zaxxer.hikari.HikariDataSource       : HikariPool-1 - Shutdown completed.
2022-01-25 14:52:54.538  INFO 5984 --- [main] com.senla.courses.project.Application    : Starting Application using Java 1.8.0_281 on DESKTOP-PMHR2FG with PID 5984 (C:\Users\user\BankCardsProject\target\classes started by user in C:\Users\user\BankCardsProject)
2022-01-25 14:52:54.538  INFO 5984 --- [main] com.senla.courses.project.Application    : No active profile set, falling back to default profiles: default
2022-01-25 14:52:55.952  INFO 5984 --- [main] .s.d.r.c.RepositoryConfigurationDelegate : Bootstrapping Spring Data JPA repositories in DEFAULT mode.
2022-01-25 14:52:55.999  INFO 5984 --- [main] .s.d.r.c.RepositoryConfigurationDelegate : Finished Spring Data repository scanning in 37 ms. Found 0 JPA repository interfaces.
2022-01-25 14:52:56.398  INFO 5984 --- [main] trationDelegate$BeanPostProcessorChecker : Bean 'org.springframework.security.access.expression.method.DefaultMethodSecurityExpressionHandler@4bc9fc' of type [org.springframework.security.access.expression.method.DefaultMethodSecurityExpressionHandler] is not eligible for getting processed by all BeanPostProcessors (for example: not eligible for auto-proxying)
2022-01-25 14:52:56.414  INFO 5984 --- [main] trationDelegate$BeanPostProcessorChecker : Bean 'methodSecurityMetadataSource' of type [org.springframework.security.access.method.DelegatingMethodSecurityMetadataSource] is not eligible for getting processed by all BeanPostProcessors (for example: not eligible for auto-proxying)
2022-01-25 14:52:56.836  INFO 5984 --- [main] o.s.b.w.embedded.tomcat.TomcatWebServer  : Tomcat initialized with port(s): 8080 (http)
2022-01-25 14:52:56.852  INFO 5984 --- [main] o.apache.catalina.core.StandardService   : Starting service [Tomcat]
2022-01-25 14:52:56.852  INFO 5984 --- [main] org.apache.catalina.core.StandardEngine  : Starting Servlet engine: [Apache Tomcat/9.0.54]
2022-01-25 14:52:56.992  INFO 5984 --- [main] o.a.c.c.C.[Tomcat].[localhost].[/]       : Initializing Spring embedded WebApplicationContext
2022-01-25 14:52:56.992  INFO 5984 --- [main] w.s.c.ServletWebServerApplicationContext : Root WebApplicationContext: initialization completed in 2360 ms
2022-01-25 14:52:58.370  INFO 5984 --- [main] liquibase.database                       : Set default schema name to public
2022-01-25 14:52:58.468  INFO 5984 --- [main] liquibase.lockservice                    : Successfully acquired change log lock
2022-01-25 14:52:59.179  INFO 5984 --- [main] liquibase.changelog                      : Reading from public.databasechangelog
2022-01-25 14:52:59.285  INFO 5984 --- [main] liquibase.lockservice                    : Successfully released change log lock
2022-01-25 14:52:59.425  INFO 5984 --- [main] o.hibernate.jpa.internal.util.LogHelper  : HHH000204: Processing PersistenceUnitInfo [name: default]
2022-01-25 14:52:59.488  INFO 5984 --- [main] org.hibernate.Version                    : HHH000412: Hibernate ORM core version 5.4.30.Final
2022-01-25 14:52:59.644  INFO 5984 --- [main] o.hibernate.annotations.common.Version   : HCANN000001: Hibernate Commons Annotations {5.1.2.Final}
2022-01-25 14:52:59.769  INFO 5984 --- [main] com.zaxxer.hikari.HikariDataSource       : HikariPool-1 - Starting...
2022-01-25 14:52:59.845  INFO 5984 --- [main] com.zaxxer.hikari.HikariDataSource       : HikariPool-1 - Start completed.
2022-01-25 14:52:59.851  INFO 5984 --- [main] org.hibernate.dialect.Dialect            : HHH000400: Using dialect: org.hibernate.dialect.PostgreSQLDialect
2022-01-25 14:53:00.881  INFO 5984 --- [main] o.h.e.t.j.p.i.JtaPlatformInitiator       : HHH000490: Using JtaPlatform implementation: [org.hibernate.engine.transaction.jta.platform.internal.NoJtaPlatform]
2022-01-25 14:53:00.897  INFO 5984 --- [main] j.LocalContainerEntityManagerFactoryBean : Initialized JPA EntityManagerFactory for persistence unit 'default'
2022-01-25 14:53:01.788  INFO 5984 --- [main] o.s.s.web.DefaultSecurityFilterChain     : Will secure any request with [org.springframework.security.web.context.request.async.WebAsyncManagerIntegrationFilter@144d033, org.springframework.security.web.context.SecurityContextPersistenceFilter@756867, org.springframework.security.web.header.HeaderWriterFilter@1f7c02d, org.springframework.security.web.authentication.logout.LogoutFilter@134651a, com.senla.courses.project.exception.ExceptionHandlerFilter@be27bf, com.senla.courses.project.jwt.JwtTokenFilter@7c00aa, org.springframework.security.web.savedrequest.RequestCacheAwareFilter@dcf059, org.springframework.security.web.servletapi.SecurityContextHolderAwareRequestFilter@149d347, org.springframework.security.web.authentication.AnonymousAuthenticationFilter@3bb8b7, org.springframework.security.web.session.SessionManagementFilter@360a68, org.springframework.security.web.access.ExceptionTranslationFilter@b2009f, org.springframework.security.web.access.intercept.FilterSecurityInterceptor@692405]
2022-01-25 14:53:02.038  INFO 5984 --- [main] o.s.b.w.embedded.tomcat.TomcatWebServer  : Tomcat started on port(s): 8080 (http) with context path ''
2022-01-25 14:53:02.054  INFO 5984 --- [main] com.senla.courses.project.Application    : Started Application in 8.312 seconds (JVM running for 10.383)
2022-01-25 14:53:07.701  INFO 5984 --- [http-nio-8080-exec-2] o.a.c.c.C.[Tomcat].[localhost].[/]       : Initializing Spring DispatcherServlet 'dispatcherServlet'
2022-01-25 14:53:07.702  INFO 5984 --- [http-nio-8080-exec-2] o.s.web.servlet.DispatcherServlet        : Initializing Servlet 'dispatcherServlet'
2022-01-25 14:53:07.703  INFO 5984 --- [http-nio-8080-exec-2] o.s.web.servlet.DispatcherServlet        : Completed initialization in 0 ms
2022-01-25 14:55:07.271  INFO 5984 --- [SpringApplicationShutdownHook] j.LocalContainerEntityManagerFactoryBean : Closing JPA EntityManagerFactory for persistence unit 'default'
2022-01-25 14:55:07.287  INFO 5984 --- [SpringApplicationShutdownHook] com.zaxxer.hikari.HikariDataSource       : HikariPool-1 - Shutdown initiated...
2022-01-25 14:55:07.292  INFO 5984 --- [SpringApplicationShutdownHook] com.zaxxer.hikari.HikariDataSource       : HikariPool-1 - Shutdown completed.
2022-01-25 14:55:15.904  INFO 16200 --- [main] com.senla.courses.project.Application    : Starting Application using Java 1.8.0_281 on DESKTOP-PMHR2FG with PID 16200 (C:\Users\user\BankCardsProject\target\classes started by user in C:\Users\user\BankCardsProject)
2022-01-25 14:55:15.904  INFO 16200 --- [main] com.senla.courses.project.Application    : No active profile set, falling back to default profiles: default
2022-01-25 14:55:17.318  INFO 16200 --- [main] .s.d.r.c.RepositoryConfigurationDelegate : Bootstrapping Spring Data JPA repositories in DEFAULT mode.
2022-01-25 14:55:17.365  INFO 16200 --- [main] .s.d.r.c.RepositoryConfigurationDelegate : Finished Spring Data repository scanning in 39 ms. Found 0 JPA repository interfaces.
2022-01-25 14:55:17.821  INFO 16200 --- [main] trationDelegate$BeanPostProcessorChecker : Bean 'org.springframework.security.access.expression.method.DefaultMethodSecurityExpressionHandler@10332e1' of type [org.springframework.security.access.expression.method.DefaultMethodSecurityExpressionHandler] is not eligible for getting processed by all BeanPostProcessors (for example: not eligible for auto-proxying)
2022-01-25 14:55:17.836  INFO 16200 --- [main] trationDelegate$BeanPostProcessorChecker : Bean 'methodSecurityMetadataSource' of type [org.springframework.security.access.method.DelegatingMethodSecurityMetadataSource] is not eligible for getting processed by all BeanPostProcessors (for example: not eligible for auto-proxying)
2022-01-25 14:55:18.305  INFO 16200 --- [main] o.s.b.w.embedded.tomcat.TomcatWebServer  : Tomcat initialized with port(s): 8080 (http)
2022-01-25 14:55:18.305  INFO 16200 --- [main] o.apache.catalina.core.StandardService   : Starting service [Tomcat]
2022-01-25 14:55:18.305  INFO 16200 --- [main] org.apache.catalina.core.StandardEngine  : Starting Servlet engine: [Apache Tomcat/9.0.54]
2022-01-25 14:55:18.454  INFO 16200 --- [main] o.a.c.c.C.[Tomcat].[localhost].[/]       : Initializing Spring embedded WebApplicationContext
2022-01-25 14:55:18.469  INFO 16200 --- [main] w.s.c.ServletWebServerApplicationContext : Root WebApplicationContext: initialization completed in 2456 ms
2022-01-25 14:55:19.894  INFO 16200 --- [main] liquibase.database                       : Set default schema name to public
2022-01-25 14:55:20.007  INFO 16200 --- [main] liquibase.lockservice                    : Successfully acquired change log lock
2022-01-25 14:55:20.828  INFO 16200 --- [main] liquibase.changelog                      : Reading from public.databasechangelog
2022-01-25 14:55:20.961  INFO 16200 --- [main] liquibase.lockservice                    : Successfully released change log lock
2022-01-25 14:55:21.133  INFO 16200 --- [main] o.hibernate.jpa.internal.util.LogHelper  : HHH000204: Processing PersistenceUnitInfo [name: default]
2022-01-25 14:55:21.211  INFO 16200 --- [main] org.hibernate.Version                    : HHH000412: Hibernate ORM core version 5.4.30.Final
2022-01-25 14:55:21.534  INFO 16200 --- [main] o.hibernate.annotations.common.Version   : HCANN000001: Hibernate Commons Annotations {5.1.2.Final}
2022-01-25 14:55:21.784  INFO 16200 --- [main] com.zaxxer.hikari.HikariDataSource       : HikariPool-1 - Starting...
2022-01-25 14:55:21.898  INFO 16200 --- [main] com.zaxxer.hikari.HikariDataSource       : HikariPool-1 - Start completed.
2022-01-25 14:55:21.917  INFO 16200 --- [main] org.hibernate.dialect.Dialect            : HHH000400: Using dialect: org.hibernate.dialect.PostgreSQLDialect
2022-01-25 14:55:24.196  INFO 16200 --- [main] o.h.e.t.j.p.i.JtaPlatformInitiator       : HHH000490: Using JtaPlatform implementation: [org.hibernate.engine.transaction.jta.platform.internal.NoJtaPlatform]
2022-01-25 14:55:24.211  INFO 16200 --- [main] j.LocalContainerEntityManagerFactoryBean : Initialized JPA EntityManagerFactory for persistence unit 'default'
2022-01-25 14:55:25.209  INFO 16200 --- [main] o.s.s.web.DefaultSecurityFilterChain     : Will secure any request with [org.springframework.security.web.context.request.async.WebAsyncManagerIntegrationFilter@48ac4, org.springframework.security.web.context.SecurityContextPersistenceFilter@c90398, org.springframework.security.web.header.HeaderWriterFilter@134e6f1, org.springframework.security.web.authentication.logout.LogoutFilter@87e851, com.senla.courses.project.exception.ExceptionHandlerFilter@be27bf, com.senla.courses.project.jwt.JwtTokenFilter@10f18a6, org.springframework.security.web.savedrequest.RequestCacheAwareFilter@1718248, org.springframework.security.web.servletapi.SecurityContextHolderAwareRequestFilter@756867, org.springframework.security.web.authentication.AnonymousAuthenticationFilter@1525e13, org.springframework.security.web.session.SessionManagementFilter@18f2cfd, org.springframework.security.web.access.ExceptionTranslationFilter@17beeaf, org.springframework.security.web.access.intercept.FilterSecurityInterceptor@14d38f9]
2022-01-25 14:55:25.589  INFO 16200 --- [main] o.s.b.w.embedded.tomcat.TomcatWebServer  : Tomcat started on port(s): 8080 (http) with context path ''
2022-01-25 14:55:25.604  INFO 16200 --- [main] com.senla.courses.project.Application    : Started Application in 10.558 seconds (JVM running for 12.922)
2022-01-25 14:56:29.393  INFO 16200 --- [http-nio-8080-exec-2] o.a.c.c.C.[Tomcat].[localhost].[/]       : Initializing Spring DispatcherServlet 'dispatcherServlet'
2022-01-25 14:56:29.393  INFO 16200 --- [http-nio-8080-exec-2] o.s.web.servlet.DispatcherServlet        : Initializing Servlet 'dispatcherServlet'
2022-01-25 14:56:29.393  INFO 16200 --- [http-nio-8080-exec-2] o.s.web.servlet.DispatcherServlet        : Completed initialization in 0 ms
2022-01-25 17:03:00.299  INFO 16200 --- [SpringApplicationShutdownHook] j.LocalContainerEntityManagerFactoryBean : Closing JPA EntityManagerFactory for persistence unit 'default'
2022-01-25 17:03:00.315  INFO 16200 --- [SpringApplicationShutdownHook] com.zaxxer.hikari.HikariDataSource       : HikariPool-1 - Shutdown initiated...
2022-01-25 17:03:00.321  INFO 16200 --- [SpringApplicationShutdownHook] com.zaxxer.hikari.HikariDataSource       : HikariPool-1 - Shutdown completed.
